<!DOCTYPE html>
<html>
<head>
<meta http-equiv="Content-Type" content="text/html; charset=utf-8"/>
<meta http-equiv="x-ua-compatible" content="IE=edge"/>
<title>Test results - GlobalExceptionHandlerTest</title>
<link href="../css/base-style.css" rel="stylesheet" type="text/css"/>
<link href="../css/style.css" rel="stylesheet" type="text/css"/>
<script src="../js/report.js" type="text/javascript"></script>
</head>
<body>
<div id="content">
<h1>GlobalExceptionHandlerTest</h1>
<div class="breadcrumbs">
<a href="../index.html">all</a> &gt; 
<a href="../packages/com.hello.kurly.common.exception.html">com.hello.kurly.common.exception</a> &gt; GlobalExceptionHandlerTest</div>
<div id="summary">
<table>
<tr>
<td>
<div class="summaryGroup">
<table>
<tr>
<td>
<div class="infoBox" id="tests">
<div class="counter">1</div>
<p>tests</p>
</div>
</td>
<td>
<div class="infoBox" id="failures">
<div class="counter">0</div>
<p>failures</p>
</div>
</td>
<td>
<div class="infoBox" id="ignored">
<div class="counter">0</div>
<p>ignored</p>
</div>
</td>
<td>
<div class="infoBox" id="duration">
<div class="counter">0.125s</div>
<p>duration</p>
</div>
</td>
</tr>
</table>
</div>
</td>
<td>
<div class="infoBox success" id="successRate">
<div class="percent">100%</div>
<p>successful</p>
</div>
</td>
</tr>
</table>
</div>
<div id="tabs">
<ul class="tabLinks">
<li>
<a href="#tab0">Tests</a>
</li>
<li>
<a href="#tab1">Standard output</a>
</li>
</ul>
<div id="tab0" class="tab">
<h2>Tests</h2>
<table>
<thead>
<tr>
<th>Test</th>
<th>Method name</th>
<th>Duration</th>
<th>Result</th>
</tr>
</thead>
<tr>
<td class="success">요청 값 타입이 다르면 오류 응답을 반환한다</td>
<td class="success">handleMethodArgumentTypeMismatchException()</td>
<td class="success">0.125s</td>
<td class="success">passed</td>
</tr>
</table>
</div>
<div id="tab1" class="tab">
<h2>Standard output</h2>
<span class="code">
<pre>23:27:02.339 [Test worker] DEBUG org.springframework.test.context.BootstrapUtils - Instantiating CacheAwareContextLoaderDelegate from class [org.springframework.test.context.cache.DefaultCacheAwareContextLoaderDelegate]
23:27:02.348 [Test worker] DEBUG org.springframework.test.context.BootstrapUtils - Instantiating BootstrapContext using constructor [public org.springframework.test.context.support.DefaultBootstrapContext(java.lang.Class,org.springframework.test.context.CacheAwareContextLoaderDelegate)]
23:27:02.379 [Test worker] DEBUG org.springframework.test.context.BootstrapUtils - Instantiating TestContextBootstrapper for test class [com.hello.kurly.common.exception.GlobalExceptionHandlerTest] from class [org.springframework.boot.test.context.SpringBootTestContextBootstrapper]
23:27:02.387 [Test worker] INFO org.springframework.boot.test.context.SpringBootTestContextBootstrapper - Neither @ContextConfiguration nor @ContextHierarchy found for test class [com.hello.kurly.common.exception.GlobalExceptionHandlerTest], using SpringBootContextLoader
23:27:02.390 [Test worker] DEBUG org.springframework.test.context.support.AbstractContextLoader - Did not detect default resource location for test class [com.hello.kurly.common.exception.GlobalExceptionHandlerTest]: class path resource [com/hello/kurly/common/exception/GlobalExceptionHandlerTest-context.xml] does not exist
23:27:02.391 [Test worker] DEBUG org.springframework.test.context.support.AbstractContextLoader - Did not detect default resource location for test class [com.hello.kurly.common.exception.GlobalExceptionHandlerTest]: class path resource [com/hello/kurly/common/exception/GlobalExceptionHandlerTestContext.groovy] does not exist
23:27:02.391 [Test worker] INFO org.springframework.test.context.support.AbstractContextLoader - Could not detect default resource locations for test class [com.hello.kurly.common.exception.GlobalExceptionHandlerTest]: no resource found for suffixes {-context.xml, Context.groovy}.
23:27:02.392 [Test worker] INFO org.springframework.test.context.support.AnnotationConfigContextLoaderUtils - Could not detect default configuration classes for test class [com.hello.kurly.common.exception.GlobalExceptionHandlerTest]: GlobalExceptionHandlerTest does not declare any static, non-private, non-final, nested classes annotated with @Configuration.
23:27:02.434 [Test worker] DEBUG org.springframework.test.context.support.ActiveProfilesUtils - Could not find an 'annotation declaring class' for annotation type [org.springframework.test.context.ActiveProfiles] and class [com.hello.kurly.common.exception.GlobalExceptionHandlerTest]
23:27:02.478 [Test worker] DEBUG org.springframework.context.annotation.ClassPathScanningCandidateComponentProvider - Identified candidate component class: file [/Users/myun/Desktop/flap/market-kurly-develop/build/classes/java/main/com/hello/kurly/KurlyApplication.class]
23:27:02.479 [Test worker] INFO org.springframework.boot.test.context.SpringBootTestContextBootstrapper - Found @SpringBootConfiguration com.hello.kurly.KurlyApplication for test class com.hello.kurly.common.exception.GlobalExceptionHandlerTest
23:27:02.543 [Test worker] DEBUG org.springframework.boot.test.context.SpringBootTestContextBootstrapper - @TestExecutionListeners is not present for class [com.hello.kurly.common.exception.GlobalExceptionHandlerTest]: using defaults.
23:27:02.543 [Test worker] INFO org.springframework.boot.test.context.SpringBootTestContextBootstrapper - Loaded default TestExecutionListener class names from location [META-INF/spring.factories]: [org.springframework.security.test.context.support.WithSecurityContextTestExecutionListener, org.springframework.security.test.context.support.ReactorContextTestExecutionListener, org.springframework.boot.test.autoconfigure.restdocs.RestDocsTestExecutionListener, org.springframework.boot.test.autoconfigure.web.client.MockRestServiceServerResetTestExecutionListener, org.springframework.boot.test.autoconfigure.web.servlet.MockMvcPrintOnlyOnFailureTestExecutionListener, org.springframework.boot.test.autoconfigure.web.servlet.WebDriverTestExecutionListener, org.springframework.boot.test.autoconfigure.webservices.client.MockWebServiceServerTestExecutionListener, org.springframework.boot.test.mock.mockito.MockitoTestExecutionListener, org.springframework.boot.test.mock.mockito.ResetMocksTestExecutionListener, org.springframework.test.context.web.ServletTestExecutionListener, org.springframework.test.context.support.DirtiesContextBeforeModesTestExecutionListener, org.springframework.test.context.event.ApplicationEventsTestExecutionListener, org.springframework.test.context.support.DependencyInjectionTestExecutionListener, org.springframework.test.context.support.DirtiesContextTestExecutionListener, org.springframework.test.context.transaction.TransactionalTestExecutionListener, org.springframework.test.context.jdbc.SqlScriptsTestExecutionListener, org.springframework.test.context.event.EventPublishingTestExecutionListener]
23:27:02.556 [Test worker] INFO org.springframework.boot.test.context.SpringBootTestContextBootstrapper - Using TestExecutionListeners: [org.springframework.test.context.web.ServletTestExecutionListener@2e029d61, org.springframework.test.context.support.DirtiesContextBeforeModesTestExecutionListener@482d776b, org.springframework.test.context.event.ApplicationEventsTestExecutionListener@4052274f, org.springframework.boot.test.mock.mockito.MockitoTestExecutionListener@132ddbab, org.springframework.boot.test.autoconfigure.SpringBootDependencyInjectionTestExecutionListener@297ea53a, org.springframework.test.context.support.DirtiesContextTestExecutionListener@acb0951, org.springframework.test.context.transaction.TransactionalTestExecutionListener@5bf22f18, org.springframework.test.context.jdbc.SqlScriptsTestExecutionListener@267f474e, org.springframework.security.test.context.support.WithSecurityContextTestExecutionListener@7a7471ce, org.springframework.test.context.event.EventPublishingTestExecutionListener@28276e50, org.springframework.security.test.context.support.ReactorContextTestExecutionListener@62e70ea3, org.springframework.boot.test.autoconfigure.restdocs.RestDocsTestExecutionListener@3efe7086, org.springframework.boot.test.autoconfigure.web.client.MockRestServiceServerResetTestExecutionListener@675d8c96, org.springframework.boot.test.autoconfigure.web.servlet.MockMvcPrintOnlyOnFailureTestExecutionListener@741b3bc3, org.springframework.boot.test.autoconfigure.web.servlet.WebDriverTestExecutionListener@2ed3b1f5, org.springframework.boot.test.autoconfigure.webservices.client.MockWebServiceServerTestExecutionListener@63648ee9, org.springframework.boot.test.mock.mockito.ResetMocksTestExecutionListener@68d6972f]
23:27:02.559 [Test worker] DEBUG org.springframework.test.context.support.AbstractDirtiesContextTestExecutionListener - Before test class: context [DefaultTestContext@7e985ce9 testClass = GlobalExceptionHandlerTest, testInstance = [null], testMethod = [null], testException = [null], mergedContextConfiguration = [WebMergedContextConfiguration@2a39fe6a testClass = GlobalExceptionHandlerTest, locations = '{}', classes = '{class com.hello.kurly.KurlyApplication}', contextInitializerClasses = '[]', activeProfiles = '{}', propertySourceLocations = '{}', propertySourceProperties = '{org.springframework.boot.test.context.SpringBootTestContextBootstrapper=true}', contextCustomizers = set[org.springframework.boot.test.autoconfigure.actuate.metrics.MetricsExportContextCustomizerFactory$DisableMetricExportContextCustomizer@7749bf93, org.springframework.boot.test.autoconfigure.properties.PropertyMappingContextCustomizer@4b3fa0b3, org.springframework.boot.test.autoconfigure.web.servlet.WebDriverContextCustomizerFactory$Customizer@3fc9504b, [ImportsContextCustomizer@410ae9a3 key = [org.springframework.boot.test.autoconfigure.web.servlet.MockMvcAutoConfiguration, org.springframework.boot.test.autoconfigure.web.servlet.MockMvcWebClientAutoConfiguration, org.springframework.boot.test.autoconfigure.web.servlet.MockMvcWebDriverAutoConfiguration, org.springframework.boot.autoconfigure.security.oauth2.client.servlet.OAuth2ClientAutoConfiguration, org.springframework.boot.autoconfigure.security.oauth2.resource.servlet.OAuth2ResourceServerAutoConfiguration, org.springframework.boot.autoconfigure.security.servlet.SecurityAutoConfiguration, org.springframework.boot.autoconfigure.security.servlet.SecurityFilterAutoConfiguration, org.springframework.boot.autoconfigure.security.servlet.UserDetailsServiceAutoConfiguration, org.springframework.boot.test.autoconfigure.web.servlet.MockMvcSecurityConfiguration, org.springframework.boot.test.autoconfigure.web.reactive.WebTestClientAutoConfiguration]], org.springframework.boot.test.context.filter.ExcludeFilterContextCustomizer@dbd8e44, org.springframework.boot.test.json.DuplicateJsonObjectContextCustomizerFactory$DuplicateJsonObjectContextCustomizer@79517588, org.springframework.boot.test.mock.mockito.MockitoContextCustomizer@b5478035, org.springframework.boot.test.web.client.TestRestTemplateContextCustomizer@38831718, org.springframework.boot.test.context.SpringBootTestArgs@1, org.springframework.boot.test.context.SpringBootTestWebEnvironment@28975c28], resourceBasePath = 'src/main/webapp', contextLoader = 'org.springframework.boot.test.context.SpringBootContextLoader', parent = [null]], attributes = map['org.springframework.test.context.web.ServletTestExecutionListener.activateListener' -&gt; true]], class annotated with @DirtiesContext [false] with mode [null].

  .   ____          _            __ _ _
 /\\ / ___'_ __ _ _(_)_ __  __ _ \ \ \ \
( ( )\___ | '_ | '_| | '_ \/ _` | \ \ \ \
 \\/  ___)| |_)| | | | | || (_| |  ) ) ) )
  '  |____| .__|_| |_|_| |_\__, | / / / /
 =========|_|==============|___/=/_/_/_/
 :: Spring Boot ::                (v2.7.9)

2024-01-09 23:27:02.815  INFO 56504 --- [    Test worker] c.h.k.c.e.GlobalExceptionHandlerTest     : Starting GlobalExceptionHandlerTest using Java 17.0.2 on maegbug-ui-MacBookPro.local with PID 56504 (started by myun in /Users/myun/Desktop/flap/market-kurly-develop)
2024-01-09 23:27:02.816  INFO 56504 --- [    Test worker] c.h.k.c.e.GlobalExceptionHandlerTest     : No active profile set, falling back to 1 default profile: &quot;default&quot;
2024-01-09 23:27:03.284  INFO 56504 --- [    Test worker] .s.d.r.c.RepositoryConfigurationDelegate : Bootstrapping Spring Data JPA repositories in DEFAULT mode.
2024-01-09 23:27:03.331  INFO 56504 --- [    Test worker] .s.d.r.c.RepositoryConfigurationDelegate : Finished Spring Data repository scanning in 42 ms. Found 5 JPA repository interfaces.
2024-01-09 23:27:04.093  INFO 56504 --- [    Test worker] o.hibernate.jpa.internal.util.LogHelper  : HHH000204: Processing PersistenceUnitInfo [name: default]
2024-01-09 23:27:04.128  INFO 56504 --- [    Test worker] org.hibernate.Version                    : HHH000412: Hibernate ORM core version 5.6.15.Final
2024-01-09 23:27:04.157  INFO 56504 --- [    Test worker] o.hibernate.annotations.common.Version   : HCANN000001: Hibernate Commons Annotations {5.1.2.Final}
2024-01-09 23:27:04.227  INFO 56504 --- [    Test worker] com.zaxxer.hikari.HikariDataSource       : HikariPool-1 - Starting...
2024-01-09 23:27:04.367  INFO 56504 --- [    Test worker] com.zaxxer.hikari.HikariDataSource       : HikariPool-1 - Start completed.
2024-01-09 23:27:04.389  INFO 56504 --- [    Test worker] org.hibernate.dialect.Dialect            : HHH000400: Using dialect: org.hibernate.dialect.H2Dialect
2024-01-09 23:27:04.826 DEBUG 56504 --- [    Test worker] org.hibernate.SQL                        : 
    
    drop table if exists addresses CASCADE 
2024-01-09 23:27:04.829 DEBUG 56504 --- [    Test worker] org.hibernate.SQL                        : 
    
    drop table if exists categories CASCADE 
2024-01-09 23:27:04.830 DEBUG 56504 --- [    Test worker] org.hibernate.SQL                        : 
    
    drop table if exists deliveries CASCADE 
2024-01-09 23:27:04.830 DEBUG 56504 --- [    Test worker] org.hibernate.SQL                        : 
    
    drop table if exists order_product CASCADE 
2024-01-09 23:27:04.830 DEBUG 56504 --- [    Test worker] org.hibernate.SQL                        : 
    
    drop table if exists orders CASCADE 
2024-01-09 23:27:04.831 DEBUG 56504 --- [    Test worker] org.hibernate.SQL                        : 
    
    drop table if exists products CASCADE 
2024-01-09 23:27:04.831 DEBUG 56504 --- [    Test worker] org.hibernate.SQL                        : 
    
    drop table if exists products_sub_product CASCADE 
2024-01-09 23:27:04.832 DEBUG 56504 --- [    Test worker] org.hibernate.SQL                        : 
    
    drop table if exists sellers CASCADE 
2024-01-09 23:27:04.832 DEBUG 56504 --- [    Test worker] org.hibernate.SQL                        : 
    
    drop table if exists storages CASCADE 
2024-01-09 23:27:04.833 DEBUG 56504 --- [    Test worker] org.hibernate.SQL                        : 
    
    drop table if exists sub_products CASCADE 
2024-01-09 23:27:04.833 DEBUG 56504 --- [    Test worker] org.hibernate.SQL                        : 
    
    drop table if exists users CASCADE 
2024-01-09 23:27:04.833 DEBUG 56504 --- [    Test worker] org.hibernate.SQL                        : 
    
    drop sequence if exists hibernate_sequence
2024-01-09 23:27:04.835 DEBUG 56504 --- [    Test worker] org.hibernate.SQL                        : create sequence hibernate_sequence start with 1 increment by 1
2024-01-09 23:27:04.837 DEBUG 56504 --- [    Test worker] org.hibernate.SQL                        : 
    
    create table addresses (
       id bigint generated by default as identity,
        created_at timestamp,
        updated_at timestamp,
        address varchar(255),
        address_detail varchar(255),
        zip_code varchar(255),
        user_id bigint,
        primary key (id)
    )
2024-01-09 23:27:04.846 DEBUG 56504 --- [    Test worker] org.hibernate.SQL                        : 
    
    create table categories (
       id numeric(19,2) not null,
        created_at timestamp,
        updated_at timestamp,
        name varchar(255),
        primary key (id)
    )
2024-01-09 23:27:04.848 DEBUG 56504 --- [    Test worker] org.hibernate.SQL                        : 
    
    create table deliveries (
       id numeric(19,2) not null,
        created_at timestamp,
        updated_at timestamp,
        address varchar(255),
        address_detail varchar(255),
        zip_code varchar(255),
        status varchar(255),
        order_id numeric(19,2),
        primary key (id)
    )
2024-01-09 23:27:04.849 DEBUG 56504 --- [    Test worker] org.hibernate.SQL                        : 
    
    create table order_product (
       id numeric(19,2) not null,
        created_at timestamp,
        updated_at timestamp,
        product_price numeric(19,2),
        quantity integer,
        order_id numeric(19,2),
        product_id numeric(19,2),
        primary key (id)
    )
2024-01-09 23:27:04.851 DEBUG 56504 --- [    Test worker] org.hibernate.SQL                        : 
    
    create table orders (
       id numeric(19,2) not null,
        created_at timestamp,
        updated_at timestamp,
        status varchar(255),
        delivery_id numeric(19,2),
        user_id bigint,
        primary key (id)
    )
2024-01-09 23:27:04.852 DEBUG 56504 --- [    Test worker] org.hibernate.SQL                        : 
    
    create table products (
       id numeric(19,2) not null,
        created_at timestamp,
        updated_at timestamp,
        delivery_type_name varchar(255),
        expiration_date timestamp,
        main_image_url varchar(255),
        seller_name varchar(255),
        short_description varchar(255),
        seller_id numeric(19,2),
        storage_id numeric(19,2),
        primary key (id)
    )
2024-01-09 23:27:04.854 DEBUG 56504 --- [    Test worker] org.hibernate.SQL                        : 
    
    create table products_sub_product (
       product_id numeric(19,2) not null,
        sub_product_id numeric(19,2) not null
    )
2024-01-09 23:27:04.854 DEBUG 56504 --- [    Test worker] org.hibernate.SQL                        : 
    
    create table sellers (
       id numeric(19,2) not null,
        created_at timestamp,
        updated_at timestamp,
        primary key (id)
    )
2024-01-09 23:27:04.856 DEBUG 56504 --- [    Test worker] org.hibernate.SQL                        : 
    
    create table storages (
       id numeric(19,2) not null,
        created_at timestamp,
        updated_at timestamp,
        primary key (id)
    )
2024-01-09 23:27:04.858 DEBUG 56504 --- [    Test worker] org.hibernate.SQL                        : 
    
    create table sub_products (
       id numeric(19,2) not null,
        created_at timestamp,
        updated_at timestamp,
        base_price numeric(19,2),
        brand varchar(255),
        can_restock_notify boolean,
        discount_rate integer,
        discounted_price numeric(19,2),
        is_expected_point boolean,
        is_purchase_status boolean,
        is_sold_out boolean,
        main_image_url varchar(255),
        max_quantity integer,
        min_quantity integer,
        name varchar(255),
        restock integer,
        retail_price numeric(19,2),
        tag varchar(255),
        category_id numeric(19,2),
        product_id numeric(19,2),
        primary key (id)
    )
2024-01-09 23:27:04.860 DEBUG 56504 --- [    Test worker] org.hibernate.SQL                        : 
    
    create table users (
       id bigint generated by default as identity,
        created_at timestamp,
        updated_at timestamp,
        birthday date,
        default_delivery_address_id numeric(19,2),
        email varchar(30) not null,
        gender varchar(255),
        grade varchar(255),
        mobile_number varchar(255) not null,
        name varchar(20) not null,
        nickname varchar(20) not null,
        password varchar(255),
        role varchar(255),
        status varchar(255),
        primary key (id)
    )
2024-01-09 23:27:04.862 DEBUG 56504 --- [    Test worker] org.hibernate.SQL                        : 
    
    alter table products_sub_product 
       add constraint UK_j83pnn5o5syiv1tyxp306lcwl unique (sub_product_id)
2024-01-09 23:27:04.863 DEBUG 56504 --- [    Test worker] org.hibernate.SQL                        : 
    
    alter table users 
       add constraint UK_6dotkott2kjsp8vw4d0m25fb7 unique (email)
2024-01-09 23:27:04.864 DEBUG 56504 --- [    Test worker] org.hibernate.SQL                        : 
    
    alter table users 
       add constraint UK_2ty1xmrrgtn89xt7kyxx6ta7h unique (nickname)
2024-01-09 23:27:04.865 DEBUG 56504 --- [    Test worker] org.hibernate.SQL                        : 
    
    alter table addresses 
       add constraint FK1fa36y2oqhao3wgg2rw1pi459 
       foreign key (user_id) 
       references users
2024-01-09 23:27:04.874 DEBUG 56504 --- [    Test worker] org.hibernate.SQL                        : 
    
    alter table deliveries 
       add constraint FK7isx0rnbgqr1dcofd5putl6jw 
       foreign key (order_id) 
       references orders
2024-01-09 23:27:04.876 DEBUG 56504 --- [    Test worker] org.hibernate.SQL                        : 
    
    alter table order_product 
       add constraint FKl5mnj9n0di7k1v90yxnthkc73 
       foreign key (order_id) 
       references orders
2024-01-09 23:27:04.878 DEBUG 56504 --- [    Test worker] org.hibernate.SQL                        : 
    
    alter table order_product 
       add constraint FKo6helt0ucmegaeachjpx40xhe 
       foreign key (product_id) 
       references products
2024-01-09 23:27:04.879 DEBUG 56504 --- [    Test worker] org.hibernate.SQL                        : 
    
    alter table orders 
       add constraint FK8w9m21riko8j8eit0yvog02nr 
       foreign key (delivery_id) 
       references deliveries
2024-01-09 23:27:04.881 DEBUG 56504 --- [    Test worker] org.hibernate.SQL                        : 
    
    alter table orders 
       add constraint FK32ql8ubntj5uh44ph9659tiih 
       foreign key (user_id) 
       references users
2024-01-09 23:27:04.882 DEBUG 56504 --- [    Test worker] org.hibernate.SQL                        : 
    
    alter table products 
       add constraint FKepbha8uixgrmnejm27n6e1kkd 
       foreign key (seller_id) 
       references sellers
2024-01-09 23:27:04.884 DEBUG 56504 --- [    Test worker] org.hibernate.SQL                        : 
    
    alter table products 
       add constraint FKk7licd2lxfgnbcv7bvpmelc1y 
       foreign key (storage_id) 
       references storages
2024-01-09 23:27:04.885 DEBUG 56504 --- [    Test worker] org.hibernate.SQL                        : 
    
    alter table products_sub_product 
       add constraint FKlvs02xxuu11ry9t1aqnand0k5 
       foreign key (sub_product_id) 
       references sub_products
2024-01-09 23:27:04.886 DEBUG 56504 --- [    Test worker] org.hibernate.SQL                        : 
    
    alter table products_sub_product 
       add constraint FKdpa2qpqk7kj9b22w832n8rbr1 
       foreign key (product_id) 
       references products
2024-01-09 23:27:04.888 DEBUG 56504 --- [    Test worker] org.hibernate.SQL                        : 
    
    alter table sub_products 
       add constraint FK89iadomes1as94maesetbmunw 
       foreign key (category_id) 
       references categories
2024-01-09 23:27:04.890 DEBUG 56504 --- [    Test worker] org.hibernate.SQL                        : 
    
    alter table sub_products 
       add constraint FKla0cae4wuq18rmsoc8huklhdl 
       foreign key (product_id) 
       references products
2024-01-09 23:27:04.892  INFO 56504 --- [    Test worker] o.h.e.t.j.p.i.JtaPlatformInitiator       : HHH000490: Using JtaPlatform implementation: [org.hibernate.engine.transaction.jta.platform.internal.NoJtaPlatform]
2024-01-09 23:27:04.900  INFO 56504 --- [    Test worker] j.LocalContainerEntityManagerFactoryBean : Initialized JPA EntityManagerFactory for persistence unit 'default'
2024-01-09 23:27:04.941  WARN 56504 --- [    Test worker] JpaBaseConfiguration$JpaWebConfiguration : spring.jpa.open-in-view is enabled by default. Therefore, database queries may be performed during view rendering. Explicitly configure spring.jpa.open-in-view to disable this warning
2024-01-09 23:27:05.468  WARN 56504 --- [    Test worker] .s.s.UserDetailsServiceAutoConfiguration : 

Using generated security password: 00ffa342-effe-4b71-affd-136a44d36a12

This generated password is for development use only. Your security configuration must be updated before running your application in production.

2024-01-09 23:27:05.590  INFO 56504 --- [    Test worker] o.s.s.web.DefaultSecurityFilterChain     : Will secure any request with [org.springframework.security.web.session.DisableEncodeUrlFilter@48b744fd, org.springframework.security.web.context.request.async.WebAsyncManagerIntegrationFilter@2ef3efcc, org.springframework.security.web.context.SecurityContextPersistenceFilter@352d3749, org.springframework.security.web.header.HeaderWriterFilter@75693526, org.springframework.security.web.authentication.logout.LogoutFilter@55d98bbb, com.hello.kurly.config.JwtAuthenticationFilter@498f1f63, org.springframework.security.web.savedrequest.RequestCacheAwareFilter@fc6cac6, org.springframework.security.web.servletapi.SecurityContextHolderAwareRequestFilter@538d2308, org.springframework.security.web.authentication.AnonymousAuthenticationFilter@60655642, org.springframework.security.web.session.SessionManagementFilter@768f2398, org.springframework.security.web.access.ExceptionTranslationFilter@d15f031, org.springframework.security.web.access.intercept.FilterSecurityInterceptor@52e34db]
2024-01-09 23:27:05.596  WARN 56504 --- [    Test worker] o.s.s.c.a.web.builders.WebSecurity       : You are asking Spring Security to ignore Ant [pattern='/docs/**']. This is not recommended -- please use permitAll via HttpSecurity#authorizeHttpRequests instead.
2024-01-09 23:27:05.596  INFO 56504 --- [    Test worker] o.s.s.web.DefaultSecurityFilterChain     : Will not secure Ant [pattern='/docs/**']
2024-01-09 23:27:06.158  INFO 56504 --- [    Test worker] o.s.b.t.m.w.SpringBootMockServletContext : Initializing Spring TestDispatcherServlet ''
2024-01-09 23:27:06.158  INFO 56504 --- [    Test worker] o.s.t.web.servlet.TestDispatcherServlet  : Initializing Servlet ''
2024-01-09 23:27:06.159  INFO 56504 --- [    Test worker] o.s.t.web.servlet.TestDispatcherServlet  : Completed initialization in 1 ms
2024-01-09 23:27:06.176  INFO 56504 --- [    Test worker] c.h.k.c.e.GlobalExceptionHandlerTest     : Started GlobalExceptionHandlerTest in 3.586 seconds (JVM running for 4.49)
2024-01-09 23:27:06.208  INFO 56504 --- [    Test worker] o.s.b.t.m.w.SpringBootMockServletContext : Initializing Spring TestDispatcherServlet ''
2024-01-09 23:27:06.208  INFO 56504 --- [    Test worker] o.s.t.web.servlet.TestDispatcherServlet  : Initializing Servlet ''
2024-01-09 23:27:06.209  INFO 56504 --- [    Test worker] o.s.t.web.servlet.TestDispatcherServlet  : Completed initialization in 1 ms
2024-01-09 23:27:06.236 ERROR 56504 --- [    Test worker] c.h.k.c.e.GlobalExceptionHandler         : handleMethodArgumentTypeMismatchException

org.springframework.web.method.annotation.MethodArgumentTypeMismatchException: Failed to convert value of type 'java.lang.String' to required type 'java.lang.Long'; nested exception is java.lang.NumberFormatException: For input string: &quot;StringValue&quot;
	at org.springframework.web.method.annotation.AbstractNamedValueMethodArgumentResolver.resolveArgument(AbstractNamedValueMethodArgumentResolver.java:133) ~[spring-web-5.3.25.jar:5.3.25]
	at org.springframework.web.method.support.HandlerMethodArgumentResolverComposite.resolveArgument(HandlerMethodArgumentResolverComposite.java:122) ~[spring-web-5.3.25.jar:5.3.25]
	at org.springframework.web.method.support.InvocableHandlerMethod.getMethodArgumentValues(InvocableHandlerMethod.java:179) ~[spring-web-5.3.25.jar:5.3.25]
	at org.springframework.web.method.support.InvocableHandlerMethod.invokeForRequest(InvocableHandlerMethod.java:146) ~[spring-web-5.3.25.jar:5.3.25]
	at org.springframework.web.servlet.mvc.method.annotation.ServletInvocableHandlerMethod.invokeAndHandle(ServletInvocableHandlerMethod.java:117) ~[spring-webmvc-5.3.25.jar:5.3.25]
	at org.springframework.web.servlet.mvc.method.annotation.RequestMappingHandlerAdapter.invokeHandlerMethod(RequestMappingHandlerAdapter.java:895) ~[spring-webmvc-5.3.25.jar:5.3.25]
	at org.springframework.web.servlet.mvc.method.annotation.RequestMappingHandlerAdapter.handleInternal(RequestMappingHandlerAdapter.java:808) ~[spring-webmvc-5.3.25.jar:5.3.25]
	at org.springframework.web.servlet.mvc.method.AbstractHandlerMethodAdapter.handle(AbstractHandlerMethodAdapter.java:87) ~[spring-webmvc-5.3.25.jar:5.3.25]
	at org.springframework.web.servlet.DispatcherServlet.doDispatch(DispatcherServlet.java:1071) ~[spring-webmvc-5.3.25.jar:5.3.25]
	at org.springframework.web.servlet.DispatcherServlet.doService(DispatcherServlet.java:964) ~[spring-webmvc-5.3.25.jar:5.3.25]
	at org.springframework.web.servlet.FrameworkServlet.processRequest(FrameworkServlet.java:1006) ~[spring-webmvc-5.3.25.jar:5.3.25]
	at org.springframework.web.servlet.FrameworkServlet.doGet(FrameworkServlet.java:898) ~[spring-webmvc-5.3.25.jar:5.3.25]
	at javax.servlet.http.HttpServlet.service(HttpServlet.java:645) ~[javax.servlet-api-4.0.1.jar:4.0.1]
	at org.springframework.web.servlet.FrameworkServlet.service(FrameworkServlet.java:883) ~[spring-webmvc-5.3.25.jar:5.3.25]
	at org.springframework.test.web.servlet.TestDispatcherServlet.service(TestDispatcherServlet.java:72) ~[spring-test-5.3.25.jar:5.3.25]
	at javax.servlet.http.HttpServlet.service(HttpServlet.java:750) ~[javax.servlet-api-4.0.1.jar:4.0.1]
	at org.springframework.mock.web.MockFilterChain$ServletFilterProxy.doFilter(MockFilterChain.java:167) ~[spring-test-5.3.25.jar:5.3.25]
	at org.springframework.mock.web.MockFilterChain.doFilter(MockFilterChain.java:134) ~[spring-test-5.3.25.jar:5.3.25]
	at org.springframework.test.web.servlet.MockMvc.perform(MockMvc.java:201) ~[spring-test-5.3.25.jar:5.3.25]
	at com.hello.kurly.common.exception.GlobalExceptionHandlerTest.handleMethodArgumentTypeMismatchException(GlobalExceptionHandlerTest.java:43) ~[test/:na]
	at java.base/jdk.internal.reflect.NativeMethodAccessorImpl.invoke0(Native Method) ~[na:na]
	at java.base/jdk.internal.reflect.NativeMethodAccessorImpl.invoke(NativeMethodAccessorImpl.java:77) ~[na:na]
	at java.base/jdk.internal.reflect.DelegatingMethodAccessorImpl.invoke(DelegatingMethodAccessorImpl.java:43) ~[na:na]
	at java.base/java.lang.reflect.Method.invoke(Method.java:568) ~[na:na]
	at org.junit.platform.commons.util.ReflectionUtils.invokeMethod(ReflectionUtils.java:725) ~[junit-platform-commons-1.8.2.jar:1.8.2]
	at org.junit.jupiter.engine.execution.MethodInvocation.proceed(MethodInvocation.java:60) ~[junit-jupiter-engine-5.8.2.jar:5.8.2]
	at org.junit.jupiter.engine.execution.InvocationInterceptorChain$ValidatingInvocation.proceed(InvocationInterceptorChain.java:131) ~[junit-jupiter-engine-5.8.2.jar:5.8.2]
	at org.junit.jupiter.engine.extension.TimeoutExtension.intercept(TimeoutExtension.java:149) ~[junit-jupiter-engine-5.8.2.jar:5.8.2]
	at org.junit.jupiter.engine.extension.TimeoutExtension.interceptTestableMethod(TimeoutExtension.java:140) ~[junit-jupiter-engine-5.8.2.jar:5.8.2]
	at org.junit.jupiter.engine.extension.TimeoutExtension.interceptTestMethod(TimeoutExtension.java:84) ~[junit-jupiter-engine-5.8.2.jar:5.8.2]
	at org.junit.jupiter.engine.execution.ExecutableInvoker$ReflectiveInterceptorCall.lambda$ofVoidMethod$0(ExecutableInvoker.java:115) ~[junit-jupiter-engine-5.8.2.jar:5.8.2]
	at org.junit.jupiter.engine.execution.ExecutableInvoker.lambda$invoke$0(ExecutableInvoker.java:105) ~[junit-jupiter-engine-5.8.2.jar:5.8.2]
	at org.junit.jupiter.engine.execution.InvocationInterceptorChain$InterceptedInvocation.proceed(InvocationInterceptorChain.java:106) ~[junit-jupiter-engine-5.8.2.jar:5.8.2]
	at org.junit.jupiter.engine.execution.InvocationInterceptorChain.proceed(InvocationInterceptorChain.java:64) ~[junit-jupiter-engine-5.8.2.jar:5.8.2]
	at org.junit.jupiter.engine.execution.InvocationInterceptorChain.chainAndInvoke(InvocationInterceptorChain.java:45) ~[junit-jupiter-engine-5.8.2.jar:5.8.2]
	at org.junit.jupiter.engine.execution.InvocationInterceptorChain.invoke(InvocationInterceptorChain.java:37) ~[junit-jupiter-engine-5.8.2.jar:5.8.2]
	at org.junit.jupiter.engine.execution.ExecutableInvoker.invoke(ExecutableInvoker.java:104) ~[junit-jupiter-engine-5.8.2.jar:5.8.2]
	at org.junit.jupiter.engine.execution.ExecutableInvoker.invoke(ExecutableInvoker.java:98) ~[junit-jupiter-engine-5.8.2.jar:5.8.2]
	at org.junit.jupiter.engine.descriptor.TestMethodTestDescriptor.lambda$invokeTestMethod$7(TestMethodTestDescriptor.java:214) ~[junit-jupiter-engine-5.8.2.jar:5.8.2]
	at org.junit.platform.engine.support.hierarchical.ThrowableCollector.execute(ThrowableCollector.java:73) ~[junit-platform-engine-1.8.2.jar:1.8.2]
	at org.junit.jupiter.engine.descriptor.TestMethodTestDescriptor.invokeTestMethod(TestMethodTestDescriptor.java:210) ~[junit-jupiter-engine-5.8.2.jar:5.8.2]
	at org.junit.jupiter.engine.descriptor.TestMethodTestDescriptor.execute(TestMethodTestDescriptor.java:135) ~[junit-jupiter-engine-5.8.2.jar:5.8.2]
	at org.junit.jupiter.engine.descriptor.TestMethodTestDescriptor.execute(TestMethodTestDescriptor.java:66) ~[junit-jupiter-engine-5.8.2.jar:5.8.2]
	at org.junit.platform.engine.support.hierarchical.NodeTestTask.lambda$executeRecursively$6(NodeTestTask.java:151) ~[junit-platform-engine-1.8.2.jar:1.8.2]
	at org.junit.platform.engine.support.hierarchical.ThrowableCollector.execute(ThrowableCollector.java:73) ~[junit-platform-engine-1.8.2.jar:1.8.2]
	at org.junit.platform.engine.support.hierarchical.NodeTestTask.lambda$executeRecursively$8(NodeTestTask.java:141) ~[junit-platform-engine-1.8.2.jar:1.8.2]
	at org.junit.platform.engine.support.hierarchical.Node.around(Node.java:137) ~[junit-platform-engine-1.8.2.jar:1.8.2]
	at org.junit.platform.engine.support.hierarchical.NodeTestTask.lambda$executeRecursively$9(NodeTestTask.java:139) ~[junit-platform-engine-1.8.2.jar:1.8.2]
	at org.junit.platform.engine.support.hierarchical.ThrowableCollector.execute(ThrowableCollector.java:73) ~[junit-platform-engine-1.8.2.jar:1.8.2]
	at org.junit.platform.engine.support.hierarchical.NodeTestTask.executeRecursively(NodeTestTask.java:138) ~[junit-platform-engine-1.8.2.jar:1.8.2]
	at org.junit.platform.engine.support.hierarchical.NodeTestTask.execute(NodeTestTask.java:95) ~[junit-platform-engine-1.8.2.jar:1.8.2]
	at java.base/java.util.ArrayList.forEach(ArrayList.java:1511) ~[na:na]
	at org.junit.platform.engine.support.hierarchical.SameThreadHierarchicalTestExecutorService.invokeAll(SameThreadHierarchicalTestExecutorService.java:41) ~[junit-platform-engine-1.8.2.jar:1.8.2]
	at org.junit.platform.engine.support.hierarchical.NodeTestTask.lambda$executeRecursively$6(NodeTestTask.java:155) ~[junit-platform-engine-1.8.2.jar:1.8.2]
	at org.junit.platform.engine.support.hierarchical.ThrowableCollector.execute(ThrowableCollector.java:73) ~[junit-platform-engine-1.8.2.jar:1.8.2]
	at org.junit.platform.engine.support.hierarchical.NodeTestTask.lambda$executeRecursively$8(NodeTestTask.java:141) ~[junit-platform-engine-1.8.2.jar:1.8.2]
	at org.junit.platform.engine.support.hierarchical.Node.around(Node.java:137) ~[junit-platform-engine-1.8.2.jar:1.8.2]
	at org.junit.platform.engine.support.hierarchical.NodeTestTask.lambda$executeRecursively$9(NodeTestTask.java:139) ~[junit-platform-engine-1.8.2.jar:1.8.2]
	at org.junit.platform.engine.support.hierarchical.ThrowableCollector.execute(ThrowableCollector.java:73) ~[junit-platform-engine-1.8.2.jar:1.8.2]
	at org.junit.platform.engine.support.hierarchical.NodeTestTask.executeRecursively(NodeTestTask.java:138) ~[junit-platform-engine-1.8.2.jar:1.8.2]
	at org.junit.platform.engine.support.hierarchical.NodeTestTask.execute(NodeTestTask.java:95) ~[junit-platform-engine-1.8.2.jar:1.8.2]
	at java.base/java.util.ArrayList.forEach(ArrayList.java:1511) ~[na:na]
	at org.junit.platform.engine.support.hierarchical.SameThreadHierarchicalTestExecutorService.invokeAll(SameThreadHierarchicalTestExecutorService.java:41) ~[junit-platform-engine-1.8.2.jar:1.8.2]
	at org.junit.platform.engine.support.hierarchical.NodeTestTask.lambda$executeRecursively$6(NodeTestTask.java:155) ~[junit-platform-engine-1.8.2.jar:1.8.2]
	at org.junit.platform.engine.support.hierarchical.ThrowableCollector.execute(ThrowableCollector.java:73) ~[junit-platform-engine-1.8.2.jar:1.8.2]
	at org.junit.platform.engine.support.hierarchical.NodeTestTask.lambda$executeRecursively$8(NodeTestTask.java:141) ~[junit-platform-engine-1.8.2.jar:1.8.2]
	at org.junit.platform.engine.support.hierarchical.Node.around(Node.java:137) ~[junit-platform-engine-1.8.2.jar:1.8.2]
	at org.junit.platform.engine.support.hierarchical.NodeTestTask.lambda$executeRecursively$9(NodeTestTask.java:139) ~[junit-platform-engine-1.8.2.jar:1.8.2]
	at org.junit.platform.engine.support.hierarchical.ThrowableCollector.execute(ThrowableCollector.java:73) ~[junit-platform-engine-1.8.2.jar:1.8.2]
	at org.junit.platform.engine.support.hierarchical.NodeTestTask.executeRecursively(NodeTestTask.java:138) ~[junit-platform-engine-1.8.2.jar:1.8.2]
	at org.junit.platform.engine.support.hierarchical.NodeTestTask.execute(NodeTestTask.java:95) ~[junit-platform-engine-1.8.2.jar:1.8.2]
	at org.junit.platform.engine.support.hierarchical.SameThreadHierarchicalTestExecutorService.submit(SameThreadHierarchicalTestExecutorService.java:35) ~[junit-platform-engine-1.8.2.jar:1.8.2]
	at org.junit.platform.engine.support.hierarchical.HierarchicalTestExecutor.execute(HierarchicalTestExecutor.java:57) ~[junit-platform-engine-1.8.2.jar:1.8.2]
	at org.junit.platform.engine.support.hierarchical.HierarchicalTestEngine.execute(HierarchicalTestEngine.java:54) ~[junit-platform-engine-1.8.2.jar:1.8.2]
	at org.junit.platform.launcher.core.EngineExecutionOrchestrator.execute(EngineExecutionOrchestrator.java:107) ~[na:na]
	at org.junit.platform.launcher.core.EngineExecutionOrchestrator.execute(EngineExecutionOrchestrator.java:88) ~[na:na]
	at org.junit.platform.launcher.core.EngineExecutionOrchestrator.lambda$execute$0(EngineExecutionOrchestrator.java:54) ~[na:na]
	at org.junit.platform.launcher.core.EngineExecutionOrchestrator.withInterceptedStreams(EngineExecutionOrchestrator.java:67) ~[na:na]
	at org.junit.platform.launcher.core.EngineExecutionOrchestrator.execute(EngineExecutionOrchestrator.java:52) ~[na:na]
	at org.junit.platform.launcher.core.DefaultLauncher.execute(DefaultLauncher.java:114) ~[na:na]
	at org.junit.platform.launcher.core.DefaultLauncher.execute(DefaultLauncher.java:86) ~[na:na]
	at org.junit.platform.launcher.core.DefaultLauncherSession$DelegatingLauncher.execute(DefaultLauncherSession.java:86) ~[na:na]
	at org.junit.platform.launcher.core.SessionPerRequestLauncher.execute(SessionPerRequestLauncher.java:53) ~[na:na]
	at org.gradle.api.internal.tasks.testing.junitplatform.JUnitPlatformTestClassProcessor$CollectAllTestClassesExecutor.processAllTestClasses(JUnitPlatformTestClassProcessor.java:99) ~[na:na]
	at org.gradle.api.internal.tasks.testing.junitplatform.JUnitPlatformTestClassProcessor$CollectAllTestClassesExecutor.access$000(JUnitPlatformTestClassProcessor.java:79) ~[na:na]
	at org.gradle.api.internal.tasks.testing.junitplatform.JUnitPlatformTestClassProcessor.stop(JUnitPlatformTestClassProcessor.java:75) ~[na:na]
	at org.gradle.api.internal.tasks.testing.SuiteTestClassProcessor.stop(SuiteTestClassProcessor.java:62) ~[na:na]
	at java.base/jdk.internal.reflect.NativeMethodAccessorImpl.invoke0(Native Method) ~[na:na]
	at java.base/jdk.internal.reflect.NativeMethodAccessorImpl.invoke(NativeMethodAccessorImpl.java:77) ~[na:na]
	at java.base/jdk.internal.reflect.DelegatingMethodAccessorImpl.invoke(DelegatingMethodAccessorImpl.java:43) ~[na:na]
	at java.base/java.lang.reflect.Method.invoke(Method.java:568) ~[na:na]
	at org.gradle.internal.dispatch.ReflectionDispatch.dispatch(ReflectionDispatch.java:36) ~[na:na]
	at org.gradle.internal.dispatch.ReflectionDispatch.dispatch(ReflectionDispatch.java:24) ~[na:na]
	at org.gradle.internal.dispatch.ContextClassLoaderDispatch.dispatch(ContextClassLoaderDispatch.java:33) ~[na:na]
	at org.gradle.internal.dispatch.ProxyDispatchAdapter$DispatchingInvocationHandler.invoke(ProxyDispatchAdapter.java:94) ~[na:na]
	at jdk.proxy1/jdk.proxy1.$Proxy2.stop(Unknown Source) ~[na:na]
	at org.gradle.api.internal.tasks.testing.worker.TestWorker$3.run(TestWorker.java:193) ~[na:na]
	at org.gradle.api.internal.tasks.testing.worker.TestWorker.executeAndMaintainThreadName(TestWorker.java:129) ~[na:na]
	at org.gradle.api.internal.tasks.testing.worker.TestWorker.execute(TestWorker.java:100) ~[na:na]
	at org.gradle.api.internal.tasks.testing.worker.TestWorker.execute(TestWorker.java:60) ~[na:na]
	at org.gradle.process.internal.worker.child.ActionExecutionWorker.execute(ActionExecutionWorker.java:56) ~[na:na]
	at org.gradle.process.internal.worker.child.SystemApplicationClassLoaderWorker.call(SystemApplicationClassLoaderWorker.java:113) ~[na:na]
	at org.gradle.process.internal.worker.child.SystemApplicationClassLoaderWorker.call(SystemApplicationClassLoaderWorker.java:65) ~[na:na]
	at worker.org.gradle.process.internal.worker.GradleWorkerMain.run(GradleWorkerMain.java:69) ~[gradle-worker.jar:na]
	at worker.org.gradle.process.internal.worker.GradleWorkerMain.main(GradleWorkerMain.java:74) ~[gradle-worker.jar:na]
Caused by: java.lang.NumberFormatException: For input string: &quot;StringValue&quot;
	at java.base/java.lang.NumberFormatException.forInputString(NumberFormatException.java:67) ~[na:na]
	at java.base/java.lang.Long.parseLong(Long.java:711) ~[na:na]
	at java.base/java.lang.Long.valueOf(Long.java:1163) ~[na:na]
	at org.springframework.util.NumberUtils.parseNumber(NumberUtils.java:214) ~[spring-core-5.3.25.jar:5.3.25]
	at org.springframework.beans.propertyeditors.CustomNumberEditor.setAsText(CustomNumberEditor.java:115) ~[spring-beans-5.3.25.jar:5.3.25]
	at org.springframework.beans.TypeConverterDelegate.doConvertTextValue(TypeConverterDelegate.java:429) ~[spring-beans-5.3.25.jar:5.3.25]
	at org.springframework.beans.TypeConverterDelegate.doConvertValue(TypeConverterDelegate.java:402) ~[spring-beans-5.3.25.jar:5.3.25]
	at org.springframework.beans.TypeConverterDelegate.convertIfNecessary(TypeConverterDelegate.java:155) ~[spring-beans-5.3.25.jar:5.3.25]
	at org.springframework.beans.TypeConverterSupport.convertIfNecessary(TypeConverterSupport.java:73) ~[spring-beans-5.3.25.jar:5.3.25]
	at org.springframework.beans.TypeConverterSupport.convertIfNecessary(TypeConverterSupport.java:53) ~[spring-beans-5.3.25.jar:5.3.25]
	at org.springframework.validation.DataBinder.convertIfNecessary(DataBinder.java:729) ~[spring-context-5.3.25.jar:5.3.25]
	at org.springframework.web.method.annotation.AbstractNamedValueMethodArgumentResolver.resolveArgument(AbstractNamedValueMethodArgumentResolver.java:125) ~[spring-web-5.3.25.jar:5.3.25]
	... 104 common frames omitted


MockHttpServletRequest:
      HTTP Method = GET
      Request URI = /v1/users/StringValue
       Parameters = {}
          Headers = [Content-Type:&quot;application/json&quot;]
             Body = &lt;no character encoding set&gt;
    Session Attrs = {}

Handler:
             Type = com.hello.kurly.users.v1.controller.UserController
           Method = com.hello.kurly.users.v1.controller.UserController#getUser(Long)

Async:
    Async started = false
     Async result = null

Resolved Exception:
             Type = org.springframework.web.method.annotation.MethodArgumentTypeMismatchException

ModelAndView:
        View name = null
             View = null
            Model = null

FlashMap:
       Attributes = null

MockHttpServletResponse:
           Status = 400
    Error message = null
          Headers = [Content-Type:&quot;application/json&quot;]
     Content type = application/json
             Body = {&quot;status&quot;:400,&quot;code&quot;:&quot;C001&quot;,&quot;message&quot;:&quot;Invalid Request Value&quot;}
    Forwarded URL = null
   Redirected URL = null
          Cookies = []
</pre>
</span>
</div>
</div>
<div id="footer">
<p>
<div>
<label class="hidden" id="label-for-line-wrapping-toggle" for="line-wrapping-toggle">Wrap lines
<input id="line-wrapping-toggle" type="checkbox" autocomplete="off"/>
</label>
</div>Generated by 
<a href="http://www.gradle.org">Gradle 7.6</a> at Jan 9, 2024, 11:27:06 PM</p>
</div>
</div>
</body>
</html>
